TN:
SF:/Users/Yi/Test/react-test/src/components/Header/Header.js
FN:,(anonymous_0)
FNF:1
FNH:1
FNDA:3,(anonymous_0)
DA:5,1
DA:6,3
LF:2
LH:2
BRF:0
BRH:0
end_of_record
TN:
SF:/Users/Yi/Test/react-test/src/components/Header/index.js
FNF:0
FNH:0
LF:0
LH:0
BRF:0
BRH:0
end_of_record
TN:
SF:/Users/Yi/Test/react-test/src/layouts/CoreLayout/CoreLayout.js
FN:,(anonymous_0)
FNF:1
FNH:1
FNDA:1,(anonymous_0)
DA:6,1
DA:7,1
DA:15,1
LF:3
LH:3
BRF:0
BRH:0
end_of_record
TN:
SF:/Users/Yi/Test/react-test/src/routes/Counter/components/Counter.js
FN:,(anonymous_0)
FNF:1
FNH:1
FNDA:9,(anonymous_0)
DA:3,1
DA:4,9
DA:16,1
LF:3
LH:3
BRF:0
BRH:0
end_of_record
TN:
SF:/Users/Yi/Test/react-test/src/store/location.js
FN:,locationChange
FN:,(anonymous_1)
FN:,(anonymous_2)
FN:,locationReducer
FNF:4
FNH:4
FNDA:6,locationChange
FNDA:3,(anonymous_1)
FNDA:2,(anonymous_2)
FNDA:14,locationReducer
DA:4,1
DA:10,6
DA:19,1
DA:20,3
DA:26,1
DA:28,14
LF:6
LH:6
BRDA:,0,0,2
BRDA:,1,0,8
BRDA:,2,0,4
BRDA:,2,1,10
BRF:4
BRH:4
end_of_record
TN:
SF:/Users/Yi/Test/react-test/src/store/reducers.js
FN:,(anonymous_0)
FN:,(anonymous_1)
FNF:2
FNH:1
FNDA:1,(anonymous_0)
FNDA:0,(anonymous_1)
DA:4,1
DA:5,1
DA:11,1
DA:12,0
DA:13,0
LF:5
LH:3
BRF:0
BRH:0
end_of_record
TN:
SF:/Users/Yi/Test/react-test/src/routes/Counter/index.js
FN:,(anonymous_0)
FN:,(anonymous_1)
FNF:2
FNH:1
FNDA:2,(anonymous_0)
FNDA:0,(anonymous_1)
DA:3,2
DA:9,0
DA:12,0
DA:13,0
DA:16,0
DA:19,0
LF:6
LH:1
BRF:0
BRH:0
end_of_record
TN:
SF:/Users/Yi/Test/react-test/src/routes/Counter/modules/counter.js
FN:,increment
FN:,(anonymous_1)
FN:,(anonymous_2)
FN:,(anonymous_3)
FN:,(anonymous_4)
FN:,(anonymous_5)
FN:,counterReducer
FNF:7
FNH:7
FNDA:11,increment
FNDA:5,(anonymous_1)
FNDA:4,(anonymous_2)
FNDA:4,(anonymous_3)
FNDA:4,(anonymous_4)
FNDA:8,(anonymous_5)
FNDA:18,counterReducer
DA:4,1
DA:10,11
DA:24,1
DA:25,5
DA:26,4
DA:27,4
DA:28,4
DA:29,4
DA:35,1
DA:43,1
DA:44,8
DA:50,1
DA:52,18
DA:54,18
LF:14
LH:14
BRDA:,0,0,2
BRDA:,1,0,8
BRDA:,2,0,8
BRDA:,2,1,10
BRF:4
BRH:4
end_of_record
TN:
SF:/Users/Yi/Test/react-test/src/routes/Home/components/HomeView.js
FN:,(anonymous_0)
FNF:1
FNH:1
FNDA:4,(anonymous_0)
DA:5,1
DA:6,4
LF:2
LH:2
BRF:0
BRH:0
end_of_record
TN:
SF:/Users/Yi/Test/react-test/src/routes/Home/index.js
FNF:0
FNH:0
LF:0
LH:0
BRF:0
BRH:0
end_of_record
TN:
SF:/Users/Yi/Test/react-test/src/store/createStore.js
FN:,(anonymous_0)
FN:,(anonymous_1)
FNF:2
FNH:1
FNDA:1,(anonymous_0)
FNDA:0,(anonymous_1)
DA:11,1
DA:16,1
DA:17,1
DA:18,0
DA:19,0
DA:20,0
DA:27,1
DA:35,1
DA:38,1
DA:40,1
DA:41,0
DA:42,0
DA:43,0
DA:47,1
LF:14
LH:8
BRDA:,0,0,1
BRDA:,1,0,0
BRDA:,1,1,1
BRDA:,2,0,0
BRDA:,2,1,0
BRDA:,3,0,0
BRDA:,3,1,1
BRF:7
BRH:3
end_of_record
TN:
SF:/Users/Yi/Test/react-test/src/containers/AppContainer.js
FN:,(anonymous_0)
FN:,(anonymous_1)
FNF:2
FNH:0
FNDA:0,(anonymous_0)
FNDA:0,(anonymous_1)
DA:12,0
DA:16,0
DA:18,0
LF:3
LH:0
BRF:0
BRH:0
end_of_record
TN:
SF:/Users/Yi/Test/react-test/src/layouts/CoreLayout/index.js
FNF:0
FNH:0
LF:0
LH:0
BRF:0
BRH:0
end_of_record
TN:
SF:/Users/Yi/Test/react-test/src/routes/Counter/containers/CounterContainer.js
FN:,(anonymous_0)
FN:,(anonymous_1)
FNF:2
FNH:0
FNDA:0,(anonymous_0)
FNDA:0,(anonymous_1)
DA:15,1
DA:16,0
DA:20,1
LF:3
LH:2
BRF:0
BRH:0
end_of_record
TN:
SF:/Users/Yi/Test/react-test/src/routes/Test/components/Counter.js
FN:,(anonymous_0)
FNF:1
FNH:0
FNDA:0,(anonymous_0)
DA:3,1
DA:4,0
DA:16,1
LF:3
LH:2
BRF:0
BRH:0
end_of_record
TN:
SF:/Users/Yi/Test/react-test/src/routes/Test/modules/counter.js
FN:,increment
FN:,(anonymous_1)
FN:,(anonymous_2)
FN:,(anonymous_3)
FN:,(anonymous_4)
FN:,(anonymous_5)
FN:,counterReducer
FNF:7
FNH:0
FNDA:0,increment
FNDA:0,(anonymous_1)
FNDA:0,(anonymous_2)
FNDA:0,(anonymous_3)
FNDA:0,(anonymous_4)
FNDA:0,(anonymous_5)
FNDA:0,counterReducer
DA:4,1
DA:10,0
DA:24,1
DA:25,0
DA:26,0
DA:27,0
DA:28,0
DA:29,0
DA:35,1
DA:43,1
DA:44,0
DA:50,1
DA:52,0
DA:54,0
LF:14
LH:5
BRDA:,0,0,0
BRDA:,1,0,0
BRDA:,2,0,0
BRDA:,2,1,0
BRF:4
BRH:0
end_of_record
TN:
SF:/Users/Yi/Test/react-test/src/routes/Test/containers/CounterContainer.js
FN:,(anonymous_0)
FN:,(anonymous_1)
FNF:2
FNH:0
FNDA:0,(anonymous_0)
FNDA:0,(anonymous_1)
DA:15,1
DA:16,0
DA:20,1
LF:3
LH:2
BRF:0
BRH:0
end_of_record
TN:
SF:/Users/Yi/Test/react-test/src/routes/Test/index.js
FN:,(anonymous_0)
FN:,(anonymous_1)
FNF:2
FNH:0
FNDA:0,(anonymous_0)
FNDA:0,(anonymous_1)
DA:3,0
DA:9,0
DA:12,0
DA:13,0
DA:16,0
DA:19,0
LF:6
LH:0
BRF:0
BRH:0
end_of_record
TN:
SF:/Users/Yi/Test/react-test/src/routes/index.js
FN:,(anonymous_0)
FNF:1
FNH:0
FNDA:0,(anonymous_0)
DA:10,1
LF:1
LH:1
BRF:0
BRH:0
end_of_record
